app/build/intermediates/manifest_merge_blame_file/release/manifest-merger-blame-release-report.txt
1<?xml version="1.0" encoding="utf-8"?>
2<manifest xmlns:android="http://schemas.android.com/apk/res/android"
3    package="com.shadowzilot.callcountry"
4    android:versionCode="2"
5    android:versionName="1.1" >
6
7    <uses-sdk
8        android:minSdkVersion="21"
8-->src\main\AndroidManifest.xml
9        android:targetSdkVersion="30" />
9-->src\main\AndroidManifest.xml
10
11    <uses-permission android:name="android.permission.VIBRATE" />
11-->src\main\AndroidManifest.xml:5:5-66
11-->src\main\AndroidManifest.xml:5:22-63
12
13    <application
13-->src\main\AndroidManifest.xml:7:5-39:19
14        android:allowBackup="true"
14-->src\main\AndroidManifest.xml:8:9-35
15        android:appComponentFactory="androidx.core.app.CoreComponentFactory"
15-->[androidx.core:core:1.3.2] AndroidManifest.xml:24:18-86
16        android:icon="@mipmap/logo"
16-->src\main\AndroidManifest.xml:9:9-36
17        android:label="@string/app_name"
17-->src\main\AndroidManifest.xml:10:9-41
18        android:roundIcon="@mipmap/logo"
18-->src\main\AndroidManifest.xml:11:9-41
19        android:supportsRtl="true"
19-->src\main\AndroidManifest.xml:12:9-35
20        android:theme="@style/Theme.CallCountry" >
20-->src\main\AndroidManifest.xml:13:9-49
21        <activity
21-->src\main\AndroidManifest.xml:14:9-16:51
22            android:name="com.shadowzilot.callcountry.ui.ExamDetailActivity"
22-->src\main\AndroidManifest.xml:15:13-50
23            android:screenOrientation="portrait" />
23-->src\main\AndroidManifest.xml:16:13-49
24        <activity
24-->src\main\AndroidManifest.xml:17:9-27:20
25            android:name="com.shadowzilot.callcountry.ui.MainActivity"
25-->src\main\AndroidManifest.xml:18:13-44
26            android:screenOrientation="portrait"
26-->src\main\AndroidManifest.xml:19:13-49
27            android:theme="@style/Theme.CallCountry.NoActionBar"
27-->src\main\AndroidManifest.xml:20:13-65
28            android:windowSoftInputMode="adjustPan|stateAlwaysHidden" >
28-->src\main\AndroidManifest.xml:21:13-70
29            <intent-filter>
29-->src\main\AndroidManifest.xml:22:13-26:29
30                <action android:name="android.intent.action.MAIN" />
30-->src\main\AndroidManifest.xml:23:17-69
30-->src\main\AndroidManifest.xml:23:25-66
31
32                <category android:name="android.intent.category.LAUNCHER" />
32-->src\main\AndroidManifest.xml:25:17-77
32-->src\main\AndroidManifest.xml:25:27-74
33            </intent-filter>
34        </activity>
35        <activity
35-->src\main\AndroidManifest.xml:28:9-32:73
36            android:name="com.shadowzilot.callcountry.ui.LearningActivity"
36-->src\main\AndroidManifest.xml:29:13-48
37            android:screenOrientation="portrait"
37-->src\main\AndroidManifest.xml:30:13-49
38            android:theme="@style/Theme.CallCountry.NoActionBar"
38-->src\main\AndroidManifest.xml:31:13-65
39            android:windowSoftInputMode="adjustPan|stateAlwaysHidden" />
39-->src\main\AndroidManifest.xml:32:13-70
40        <activity
40-->src\main\AndroidManifest.xml:34:9-38:73
41            android:name="com.shadowzilot.callcountry.ui.WorldPartGameActivity"
41-->src\main\AndroidManifest.xml:35:13-53
42            android:screenOrientation="portrait"
42-->src\main\AndroidManifest.xml:36:13-49
43            android:theme="@style/Theme.CallCountry.NoActionBar"
43-->src\main\AndroidManifest.xml:37:13-65
44            android:windowSoftInputMode="adjustPan|stateAlwaysHidden" />
44-->src\main\AndroidManifest.xml:38:13-70
45    </application>
46
47</manifest>